<?xml version="1.0" encoding="UTF-8"?>
<!-- Generated by org.testng.reporters.JUnitReportReporter -->
<testsuite hostname="LAPTOP-2V6N1QMB" failures="0" tests="1" name="exercise.FactorialTestNG" time="0.003" errors="0" timestamp="2022-09-09T15:11:34 IST" skipped="0">
  <testcase classname="exercise.FactorialTestNG" name="testFactorial" time="0.003"/>
  <system-out/>
</testsuite> <!-- exercise.FactorialTestNG -->
