<?xml version="1.0" encoding="UTF-8"?>
<!-- Generated by org.testng.reporters.JUnitReportReporter -->
<testsuite hostname="LAPTOP-2V6N1QMB" failures="0" tests="2" name="exercise.QuadrantTestNG" time="0.022" errors="0" timestamp="2022-09-11T01:19:23 IST" skipped="0">
  <testcase classname="exercise.QuadrantTestNG" name="TestQuadrant" time="0.020"/>
  <system-out/>
  <testcase classname="exercise.QuadrantTestNG" name="TestQuadrantNegative" time="0.002"/>
  <system-out/>
</testsuite> <!-- exercise.QuadrantTestNG -->
