<?xml version="1.0" encoding="UTF-8"?>
<!-- Generated by org.testng.reporters.JUnitReportReporter -->
<testsuite hostname="LAPTOP-2V6N1QMB" failures="0" tests="3" name="basicTestNGProgram.FirstTestNGProgram" time="0.006" errors="0" timestamp="2022-08-30T23:39:13 IST" skipped="0">
  <testcase classname="basicTestNGProgram.FirstTestNGProgram" name="tc1" time="0.002"/>
  <system-out/>
  <testcase classname="basicTestNGProgram.FirstTestNGProgram" name="tc2" time="0.002"/>
  <system-out/>
  <testcase classname="basicTestNGProgram.FirstTestNGProgram" name="tc3" time="0.002"/>
  <system-out/>
</testsuite> <!-- basicTestNGProgram.FirstTestNGProgram -->
