<?xml version="1.0" encoding="UTF-8"?>
<!-- Generated by org.testng.reporters.JUnitReportReporter -->
<testsuite hostname="LAPTOP-2V6N1QMB" failures="0" tests="3" name="bookings.BookFlight" time="0.014" errors="0" timestamp="2022-09-05T17:00:44 IST" skipped="1">
  <testcase classname="bookings.BookFlight" name="Book_Flight_RoundTrip_TestCase1" time="0.012"/>
  <system-out/>
  <testcase classname="bookings.BookFlight" name="Book_Flight_RoundTrip_TestCase2" time="0.002"/>
  <system-out/>
  <testcase classname="bookings.BookFlight" name="Book_Flight_OneWay_TestCase3">
    <skipped/>
  </testcase> <!-- Book_Flight_OneWay_TestCase3 -->
  <system-out/>
</testsuite> <!-- bookings.BookFlight -->
