<?xml version="1.0" encoding="UTF-8"?>
<!-- Generated by org.testng.reporters.JUnitReportReporter -->
<testsuite hostname="LAPTOP-2V6N1QMB" failures="0" tests="1" name="exercise.MaximumOfTwo" time="0.002" errors="0" timestamp="2022-09-09T15:10:16 IST" skipped="0">
  <testcase classname="exercise.MaximumOfTwo" name="testFindMax" time="0.002"/>
  <system-out/>
</testsuite> <!-- exercise.MaximumOfTwo -->
